[Wed, 12 Nov 2014 13:12:01 +0000] === BEGIN payload from 
[Wed, 12 Nov 2014 13:12:01 +0000] Array
[Wed, 12 Nov 2014 13:12:53 +0000] === BEGIN payload from bunker
[Wed, 12 Nov 2014 11:16:14 -0200] === BEGIN payload from bunker
[Wed, 12 Nov 2014 11:20:00 -0200] === BEGIN payload from bunker
[Wed, 12 Nov 2014 11:22:23 -0200] === BEGIN payload from bunker
[Wed, 12 Nov 2014 11:27:49 -0200] === BEGIN payload from bunker
[Wed, 12 Nov 2014 11:28:03 -0200] === BEGIN payload from bunker
[Wed, 12 Nov 2014 11:28:20 -0200] === BEGIN payload from bunker
[Wed, 12 Nov 2014 11:28:24 -0200] Array
[Wed, 12 Nov 2014 11:29:16 -0200] 
[Wed, 12 Nov 2014 11:29:21 -0200] 
[Wed, 12 Nov 2014 11:29:38 -0200] 
[Wed, 12 Nov 2014 11:29:40 -0200] 
[Wed, 12 Nov 2014 11:31:30 -0200] 
[Wed, 12 Nov 2014 11:31:38 -0200] 
[Wed, 12 Nov 2014 11:32:01 -0200] 
[Wed, 12 Nov 2014 11:32:10 -0200] 
[Wed, 12 Nov 2014 11:32:12 -0200] 
[Wed, 12 Nov 2014 11:32:12 -0200] Could not open input file: vendor/bin/phinx
[Wed, 12 Nov 2014 11:32:13 -0200] 
[Wed, 12 Nov 2014 11:32:13 -0200] 
[Wed, 12 Nov 2014 11:32:13 -0200] 
